2020-04-08 16:01:19.699 | INFO     | __main__:run:19 - 目前还剩余100个keywords未采集
2020-04-08 16:01:19.699 | INFO     | __main__:run:23 - 正在采集第1-50个关键词
2020-04-08 16:01:24.707 | INFO     | __main__:run:23 - 正在采集第51-100个关键词
2020-04-08 17:23:53.053 | INFO     | __main__:run:35 - 目前还剩余~~~~100个keywords未采集
2020-04-08 17:23:53.053 | INFO     | __main__:run:35 - 目前还剩余~~~~100个keywords未采集
2020-04-08 17:23:53.055 | INFO     | __main__:run:39 - 正在采集第~~~1-50个关键词
2020-04-08 17:23:53.055 | INFO     | __main__:run:39 - 正在采集第~~~1-50个关键词
2020-04-08 17:23:53.075 | DEBUG    | __main__:run:46 - 采集脚本发生错误("'NoneType' object is not iterable",)
2020-04-08 17:23:53.075 | DEBUG    | __main__:run:46 - 采集脚本发生错误("'NoneType' object is not iterable",)
2020-04-08 17:23:53.075 | DEBUG    | __main__:run:46 - 采集脚本发生错误("'NoneType' object is not iterable",)
2020-04-08 17:24:37.964 | INFO     | __main__:run:35 - 目前还剩余~~~~100个keywords未采集
2020-04-08 17:24:37.964 | INFO     | __main__:run:35 - 目前还剩余~~~~100个keywords未采集
2020-04-08 17:24:37.964 | INFO     | __main__:run:39 - 正在采集第~~~1-50个关键词
2020-04-08 17:24:37.964 | INFO     | __main__:run:39 - 正在采集第~~~1-50个关键词
2020-04-08 17:24:37.980 | DEBUG    | __main__:run:47 - 采集脚本发生错误("'NoneType' object is not iterable",)
2020-04-08 17:24:37.980 | DEBUG    | __main__:run:47 - 采集脚本发生错误("'NoneType' object is not iterable",)
2020-04-08 17:24:37.980 | DEBUG    | __main__:run:47 - 采集脚本发生错误("'NoneType' object is not iterable",)
2020-04-08 17:27:28.432 | INFO     | __main__:run:36 - 目前还剩余~~~~100个keywords未采集
2020-04-08 17:27:28.432 | INFO     | __main__:run:36 - 目前还剩余~~~~100个keywords未采集
2020-04-08 17:27:28.434 | INFO     | __main__:run:40 - 正在采集第~~~1-50个关键词
2020-04-08 17:27:28.434 | INFO     | __main__:run:40 - 正在采集第~~~1-50个关键词
2020-04-08 17:27:28.461 | DEBUG    | __main__:run:47 - 采集脚本发生错误("'NoneType' object is not iterable",)
2020-04-08 17:27:28.461 | DEBUG    | __main__:run:47 - 采集脚本发生错误("'NoneType' object is not iterable",)
2020-04-08 17:27:28.461 | DEBUG    | __main__:run:47 - 采集脚本发生错误("'NoneType' object is not iterable",)
2020-04-08 17:27:41.506 | INFO     | __main__:run:36 - 目前还剩余~~~~100个keywords未采集
2020-04-08 17:27:41.506 | INFO     | __main__:run:36 - 目前还剩余~~~~100个keywords未采集
2020-04-08 17:27:41.508 | INFO     | __main__:run:40 - 正在采集第~~~1-50个关键词
2020-04-08 17:27:41.508 | INFO     | __main__:run:40 - 正在采集第~~~1-50个关键词
2020-04-08 17:29:08.364 | INFO     | __main__:run:33 - 目前还剩余~~~~100个keywords未采集
2020-04-08 17:29:08.364 | INFO     | __main__:run:33 - 目前还剩余~~~~100个keywords未采集
2020-04-08 17:29:08.366 | INFO     | __main__:run:37 - 正在采集第~~~1-50个关键词
2020-04-08 17:29:08.366 | INFO     | __main__:run:37 - 正在采集第~~~1-50个关键词
2020-04-08 17:29:08.395 | DEBUG    | __main__:run:44 - 采集脚本发生错误("'NoneType' object is not iterable",)
2020-04-08 17:29:08.395 | DEBUG    | __main__:run:44 - 采集脚本发生错误("'NoneType' object is not iterable",)
2020-04-08 17:29:08.395 | DEBUG    | __main__:run:44 - 采集脚本发生错误("'NoneType' object is not iterable",)
2020-04-08 17:29:53.685 | INFO     | __main__:run:33 - 目前还剩余~~~~100个keywords未采集
2020-04-08 17:29:53.685 | INFO     | __main__:run:33 - 目前还剩余~~~~100个keywords未采集
2020-04-08 17:29:53.687 | INFO     | __main__:run:37 - 正在采集第~~~1-50个关键词
2020-04-08 17:29:53.687 | INFO     | __main__:run:37 - 正在采集第~~~1-50个关键词
2020-04-08 17:29:53.707 | DEBUG    | __main__:run:44 - 采集脚本发生错误("'NoneType' object is not iterable",)
2020-04-08 17:29:53.707 | DEBUG    | __main__:run:44 - 采集脚本发生错误("'NoneType' object is not iterable",)
2020-04-08 17:29:53.707 | DEBUG    | __main__:run:44 - 采集脚本发生错误("'NoneType' object is not iterable",)
2020-04-08 17:31:02.579 | INFO     | __main__:run:33 - 目前还剩余~~~~100个keywords未采集
2020-04-08 17:31:02.579 | INFO     | __main__:run:33 - 目前还剩余~~~~100个keywords未采集
2020-04-08 17:31:02.581 | INFO     | __main__:run:37 - 正在采集第~~~1-50个关键词
2020-04-08 17:31:02.581 | INFO     | __main__:run:37 - 正在采集第~~~1-50个关键词
2020-04-08 17:31:02.598 | DEBUG    | __main__:run:44 - 采集脚本发生错误("'NoneType' object is not iterable",)
2020-04-08 17:31:02.598 | DEBUG    | __main__:run:44 - 采集脚本发生错误("'NoneType' object is not iterable",)
2020-04-08 17:31:02.598 | DEBUG    | __main__:run:44 - 采集脚本发生错误("'NoneType' object is not iterable",)
2020-04-08 17:31:39.345 | INFO     | __main__:run:33 - 目前还剩余~~~~100个keywords未采集
2020-04-08 17:31:39.345 | INFO     | __main__:run:33 - 目前还剩余~~~~100个keywords未采集
2020-04-08 17:31:39.346 | INFO     | __main__:run:37 - 正在采集第~~~1-50个关键词
2020-04-08 17:31:39.346 | INFO     | __main__:run:37 - 正在采集第~~~1-50个关键词
2020-04-08 17:31:39.365 | DEBUG    | __main__:run:44 - 采集脚本发生错误("'NoneType' object is not iterable",)
2020-04-08 17:31:39.365 | DEBUG    | __main__:run:44 - 采集脚本发生错误("'NoneType' object is not iterable",)
2020-04-08 17:31:39.365 | DEBUG    | __main__:run:44 - 采集脚本发生错误("'NoneType' object is not iterable",)
2020-04-08 17:32:11.972 | INFO     | __main__:run:33 - 目前还剩余~~~~100个keywords未采集
2020-04-08 17:32:11.972 | INFO     | __main__:run:33 - 目前还剩余~~~~100个keywords未采集
2020-04-08 17:32:11.974 | INFO     | __main__:run:37 - 正在采集第~~~1-50个关键词
2020-04-08 17:32:11.974 | INFO     | __main__:run:37 - 正在采集第~~~1-50个关键词
2020-04-08 17:32:12.000 | DEBUG    | __main__:run:44 - 采集脚本发生错误("'NoneType' object is not iterable",)
2020-04-08 17:32:12.000 | DEBUG    | __main__:run:44 - 采集脚本发生错误("'NoneType' object is not iterable",)
2020-04-08 17:32:12.000 | DEBUG    | __main__:run:44 - 采集脚本发生错误("'NoneType' object is not iterable",)
2020-04-08 17:32:43.658 | INFO     | __main__:run:33 - 目前还剩余~~~~100个keywords未采集
2020-04-08 17:32:43.658 | INFO     | __main__:run:33 - 目前还剩余~~~~100个keywords未采集
2020-04-08 17:32:43.659 | INFO     | __main__:run:37 - 正在采集第~~~1-50个关键词
2020-04-08 17:32:43.659 | INFO     | __main__:run:37 - 正在采集第~~~1-50个关键词
2020-04-08 17:32:43.671 | DEBUG    | __main__:run:44 - 采集脚本发生错误("'NoneType' object is not iterable",)
2020-04-08 17:32:43.671 | DEBUG    | __main__:run:44 - 采集脚本发生错误("'NoneType' object is not iterable",)
2020-04-08 17:32:43.671 | DEBUG    | __main__:run:44 - 采集脚本发生错误("'NoneType' object is not iterable",)
2020-04-08 17:33:34.754 | INFO     | __main__:run:33 - 目前还剩余~~~~100个keywords未采集
2020-04-08 17:33:34.754 | INFO     | __main__:run:33 - 目前还剩余~~~~100个keywords未采集
2020-04-08 17:33:34.756 | INFO     | __main__:run:37 - 正在采集第~~~1-50个关键词
2020-04-08 17:33:34.756 | INFO     | __main__:run:37 - 正在采集第~~~1-50个关键词
2020-04-08 17:33:34.775 | DEBUG    | __main__:run:44 - 采集脚本发生错误("'NoneType' object is not iterable",)
2020-04-08 17:33:34.775 | DEBUG    | __main__:run:44 - 采集脚本发生错误("'NoneType' object is not iterable",)
2020-04-08 17:33:34.775 | DEBUG    | __main__:run:44 - 采集脚本发生错误("'NoneType' object is not iterable",)
2020-04-08 17:36:15.622 | INFO     | __main__:run:33 - 目前还剩余~~~~100个keywords未采集
2020-04-08 17:36:15.622 | INFO     | __main__:run:33 - 目前还剩余~~~~100个keywords未采集
2020-04-08 17:36:15.624 | INFO     | __main__:run:37 - 正在采集第~~~1-50个关键词
2020-04-08 17:36:15.624 | INFO     | __main__:run:37 - 正在采集第~~~1-50个关键词
2020-04-08 17:36:15.646 | DEBUG    | __main__:run:44 - 采集脚本发生错误("'NoneType' object is not iterable",)
2020-04-08 17:36:15.646 | DEBUG    | __main__:run:44 - 采集脚本发生错误("'NoneType' object is not iterable",)
2020-04-08 17:36:15.646 | DEBUG    | __main__:run:44 - 采集脚本发生错误("'NoneType' object is not iterable",)
2020-04-08 17:38:32.817 | INFO     | __main__:run:28 - 目前还剩余~~~~100个keywords未采集
2020-04-08 17:38:32.817 | INFO     | __main__:run:28 - 目前还剩余~~~~100个keywords未采集
2020-04-08 17:38:32.819 | INFO     | __main__:run:32 - 正在采集第~~~1-50个关键词
2020-04-08 17:38:32.819 | INFO     | __main__:run:32 - 正在采集第~~~1-50个关键词
2020-04-08 17:38:32.848 | DEBUG    | __main__:run:39 - 采集脚本发生错误("'NoneType' object is not iterable",)
2020-04-08 17:38:32.848 | DEBUG    | __main__:run:39 - 采集脚本发生错误("'NoneType' object is not iterable",)
2020-04-08 17:38:32.848 | DEBUG    | __main__:run:39 - 采集脚本发生错误("'NoneType' object is not iterable",)
2020-04-08 17:40:01.373 | INFO     | __main__:run:30 - 目前还剩余~~~~100个keywords未采集
2020-04-08 17:40:01.373 | INFO     | __main__:run:30 - 目前还剩余~~~~100个keywords未采集
2020-04-08 17:40:01.374 | INFO     | __main__:run:34 - 正在采集第~~~1-50个关键词
2020-04-08 17:40:01.374 | INFO     | __main__:run:34 - 正在采集第~~~1-50个关键词
2020-04-08 17:40:01.404 | DEBUG    | __main__:run:41 - 采集脚本发生错误("'NoneType' object is not iterable",)
2020-04-08 17:40:01.404 | DEBUG    | __main__:run:41 - 采集脚本发生错误("'NoneType' object is not iterable",)
2020-04-08 17:40:01.404 | DEBUG    | __main__:run:41 - 采集脚本发生错误("'NoneType' object is not iterable",)
2020-04-08 17:40:23.546 | INFO     | __main__:run:30 - 目前还剩余~~~~100个keywords未采集
2020-04-08 17:40:23.546 | INFO     | __main__:run:30 - 目前还剩余~~~~100个keywords未采集
2020-04-08 17:40:23.548 | INFO     | __main__:run:34 - 正在采集第~~~1-50个关键词
2020-04-08 17:40:23.548 | INFO     | __main__:run:34 - 正在采集第~~~1-50个关键词
2020-04-08 17:40:23.550 | INFO     | __main__:run:34 - 正在采集第~~~51-100个关键词
2020-04-08 17:40:23.550 | INFO     | __main__:run:34 - 正在采集第~~~51-100个关键词
2020-04-08 17:40:54.859 | INFO     | __main__:run:30 - 目前还剩余~~~~100个keywords未采集
2020-04-08 17:40:54.859 | INFO     | __main__:run:30 - 目前还剩余~~~~100个keywords未采集
2020-04-08 17:40:54.860 | INFO     | __main__:run:34 - 正在采集第~~~1-50个关键词
2020-04-08 17:40:54.860 | INFO     | __main__:run:34 - 正在采集第~~~1-50个关键词
2020-04-08 17:40:54.863 | INFO     | __main__:run:34 - 正在采集第~~~51-100个关键词
2020-04-08 17:40:54.863 | INFO     | __main__:run:34 - 正在采集第~~~51-100个关键词
2020-04-08 17:42:47.071 | INFO     | __main__:run:30 - 目前还剩余~~~~100个keywords未采集
2020-04-08 17:42:47.071 | INFO     | __main__:run:30 - 目前还剩余~~~~100个keywords未采集
2020-04-08 17:42:47.073 | INFO     | __main__:run:34 - 正在采集第~~~1-50个关键词
2020-04-08 17:42:47.073 | INFO     | __main__:run:34 - 正在采集第~~~1-50个关键词
2020-04-08 17:42:47.091 | DEBUG    | __main__:run:42 - 采集脚本发生错误("'NoneType' object is not iterable",)
2020-04-08 17:42:47.091 | DEBUG    | __main__:run:42 - 采集脚本发生错误("'NoneType' object is not iterable",)
2020-04-08 17:42:47.091 | DEBUG    | __main__:run:42 - 采集脚本发生错误("'NoneType' object is not iterable",)
2020-04-08 17:43:00.137 | INFO     | __main__:run:30 - 目前还剩余~~~~100个keywords未采集
2020-04-08 17:43:00.137 | INFO     | __main__:run:30 - 目前还剩余~~~~100个keywords未采集
2020-04-08 17:43:00.139 | INFO     | __main__:run:34 - 正在采集第~~~1-50个关键词
2020-04-08 17:43:00.139 | INFO     | __main__:run:34 - 正在采集第~~~1-50个关键词
2020-04-08 17:43:00.165 | DEBUG    | __main__:run:42 - 采集脚本发生错误("'NoneType' object is not iterable",)
2020-04-08 17:43:00.165 | DEBUG    | __main__:run:42 - 采集脚本发生错误("'NoneType' object is not iterable",)
2020-04-08 17:43:00.165 | DEBUG    | __main__:run:42 - 采集脚本发生错误("'NoneType' object is not iterable",)
2020-04-08 17:45:20.616 | INFO     | __main__:run:30 - 目前还剩余~~~~100个keywords未采集
2020-04-08 17:45:20.616 | INFO     | __main__:run:30 - 目前还剩余~~~~100个keywords未采集
2020-04-08 17:45:20.618 | INFO     | __main__:run:34 - 正在采集第~~~1-50个关键词
2020-04-08 17:45:20.618 | INFO     | __main__:run:34 - 正在采集第~~~1-50个关键词
2020-04-08 17:45:20.636 | DEBUG    | __main__:run:41 - 采集脚本发生错误("'NoneType' object is not iterable",)
2020-04-08 17:45:20.636 | DEBUG    | __main__:run:41 - 采集脚本发生错误("'NoneType' object is not iterable",)
2020-04-08 17:45:20.636 | DEBUG    | __main__:run:41 - 采集脚本发生错误("'NoneType' object is not iterable",)
2020-04-08 17:48:12.537 | INFO     | __main__:run:30 - 目前还剩余~~~~100个keywords未采集
2020-04-08 17:48:12.537 | INFO     | __main__:run:30 - 目前还剩余~~~~100个keywords未采集
2020-04-08 17:48:12.539 | INFO     | __main__:run:34 - 正在采集第~~~1-50个关键词
2020-04-08 17:48:12.539 | INFO     | __main__:run:34 - 正在采集第~~~1-50个关键词
2020-04-08 17:48:12.559 | DEBUG    | __main__:run:41 - 采集脚本发生错误('tuple indices must be integers or slices, not str',)
2020-04-08 17:48:12.559 | DEBUG    | __main__:run:41 - 采集脚本发生错误('tuple indices must be integers or slices, not str',)
2020-04-08 17:48:12.559 | DEBUG    | __main__:run:41 - 采集脚本发生错误('tuple indices must be integers or slices, not str',)
2020-04-08 17:48:39.579 | INFO     | __main__:run:30 - 目前还剩余~~~~100个keywords未采集
2020-04-08 17:48:39.579 | INFO     | __main__:run:30 - 目前还剩余~~~~100个keywords未采集
2020-04-08 17:48:39.581 | INFO     | __main__:run:34 - 正在采集第~~~1-50个关键词
2020-04-08 17:48:39.581 | INFO     | __main__:run:34 - 正在采集第~~~1-50个关键词
2020-04-08 17:48:45.929 | DEBUG    | __main__:run:41 - 采集脚本发生错误("a bytes-like object is required, not 'str'",)
2020-04-08 17:48:45.929 | DEBUG    | __main__:run:41 - 采集脚本发生错误("a bytes-like object is required, not 'str'",)
2020-04-08 17:48:45.929 | DEBUG    | __main__:run:41 - 采集脚本发生错误("a bytes-like object is required, not 'str'",)
2020-04-08 17:50:35.593 | INFO     | __main__:run:30 - 目前还剩余~~~~100个keywords未采集
2020-04-08 17:50:35.593 | INFO     | __main__:run:30 - 目前还剩余~~~~100个keywords未采集
2020-04-08 17:50:35.594 | INFO     | __main__:run:34 - 正在采集第~~~1-50个关键词
2020-04-08 17:50:35.594 | INFO     | __main__:run:34 - 正在采集第~~~1-50个关键词
2020-04-08 17:50:38.060 | DEBUG    | __main__:run:41 - 采集脚本发生错误("a bytes-like object is required, not 'str'",)
2020-04-08 17:50:38.060 | DEBUG    | __main__:run:41 - 采集脚本发生错误("a bytes-like object is required, not 'str'",)
2020-04-08 17:50:38.060 | DEBUG    | __main__:run:41 - 采集脚本发生错误("a bytes-like object is required, not 'str'",)
2020-04-08 17:51:55.006 | INFO     | __main__:run:30 - 目前还剩余~~~~100个keywords未采集
2020-04-08 17:51:55.006 | INFO     | __main__:run:30 - 目前还剩余~~~~100个keywords未采集
2020-04-08 17:51:55.007 | INFO     | __main__:run:34 - 正在采集第~~~1-50个关键词
2020-04-08 17:51:55.007 | INFO     | __main__:run:34 - 正在采集第~~~1-50个关键词
2020-04-08 17:51:59.453 | DEBUG    | __main__:run:41 - 采集脚本发生错误("a bytes-like object is required, not 'str'",)
2020-04-08 17:51:59.453 | DEBUG    | __main__:run:41 - 采集脚本发生错误("a bytes-like object is required, not 'str'",)
2020-04-08 17:51:59.453 | DEBUG    | __main__:run:41 - 采集脚本发生错误("a bytes-like object is required, not 'str'",)
2020-04-08 17:53:44.818 | INFO     | __main__:run:30 - 目前还剩余~~~~100个keywords未采集
2020-04-08 17:53:44.818 | INFO     | __main__:run:30 - 目前还剩余~~~~100个keywords未采集
2020-04-08 17:53:44.819 | INFO     | __main__:run:34 - 正在采集第~~~1-50个关键词
2020-04-08 17:53:44.819 | INFO     | __main__:run:34 - 正在采集第~~~1-50个关键词
2020-04-08 17:53:46.254 | DEBUG    | __main__:run:41 - 采集脚本发生错误("a bytes-like object is required, not 'str'",)
2020-04-08 17:53:46.254 | DEBUG    | __main__:run:41 - 采集脚本发生错误("a bytes-like object is required, not 'str'",)
2020-04-08 17:53:46.254 | DEBUG    | __main__:run:41 - 采集脚本发生错误("a bytes-like object is required, not 'str'",)
2020-04-08 17:54:54.208 | INFO     | __main__:run:30 - 目前还剩余~~~~100个keywords未采集
2020-04-08 17:54:54.208 | INFO     | __main__:run:30 - 目前还剩余~~~~100个keywords未采集
2020-04-08 17:54:54.208 | INFO     | __main__:run:34 - 正在采集第~~~1-50个关键词
2020-04-08 17:54:54.208 | INFO     | __main__:run:34 - 正在采集第~~~1-50个关键词
2020-04-08 17:54:58.642 | DEBUG    | __main__:run:41 - 采集脚本发生错误("a bytes-like object is required, not 'str'",)
2020-04-08 17:54:58.642 | DEBUG    | __main__:run:41 - 采集脚本发生错误("a bytes-like object is required, not 'str'",)
2020-04-08 17:54:58.642 | DEBUG    | __main__:run:41 - 采集脚本发生错误("a bytes-like object is required, not 'str'",)
2020-04-08 17:55:48.294 | INFO     | __main__:run:30 - 目前还剩余~~~~100个keywords未采集
2020-04-08 17:55:48.294 | INFO     | __main__:run:30 - 目前还剩余~~~~100个keywords未采集
2020-04-08 17:55:48.295 | INFO     | __main__:run:34 - 正在采集第~~~1-50个关键词
2020-04-08 17:55:48.295 | INFO     | __main__:run:34 - 正在采集第~~~1-50个关键词
2020-04-08 17:55:48.611 | DEBUG    | __main__:run:41 - 采集脚本发生错误("a bytes-like object is required, not 'str'",)
2020-04-08 17:55:48.611 | DEBUG    | __main__:run:41 - 采集脚本发生错误("a bytes-like object is required, not 'str'",)
2020-04-08 17:55:48.611 | DEBUG    | __main__:run:41 - 采集脚本发生错误("a bytes-like object is required, not 'str'",)
2020-04-08 17:56:15.788 | INFO     | __main__:run:30 - 目前还剩余~~~~100个keywords未采集
2020-04-08 17:56:15.788 | INFO     | __main__:run:30 - 目前还剩余~~~~100个keywords未采集
2020-04-08 17:56:15.790 | INFO     | __main__:run:34 - 正在采集第~~~1-50个关键词
2020-04-08 17:56:15.790 | INFO     | __main__:run:34 - 正在采集第~~~1-50个关键词
2020-04-08 17:56:19.011 | DEBUG    | __main__:run:41 - 采集脚本发生错误("a bytes-like object is required, not 'str'",)
2020-04-08 17:56:19.011 | DEBUG    | __main__:run:41 - 采集脚本发生错误("a bytes-like object is required, not 'str'",)
2020-04-08 17:56:19.011 | DEBUG    | __main__:run:41 - 采集脚本发生错误("a bytes-like object is required, not 'str'",)
2020-04-08 17:56:45.968 | INFO     | __main__:run:30 - 目前还剩余~~~~100个keywords未采集
2020-04-08 17:56:45.968 | INFO     | __main__:run:30 - 目前还剩余~~~~100个keywords未采集
2020-04-08 17:56:45.969 | INFO     | __main__:run:34 - 正在采集第~~~1-50个关键词
2020-04-08 17:56:45.969 | INFO     | __main__:run:34 - 正在采集第~~~1-50个关键词
2020-04-08 17:56:49.295 | DEBUG    | __main__:run:41 - 采集脚本发生错误("'NoneType' object has no attribute 'hexdigest'",)
2020-04-08 17:56:49.295 | DEBUG    | __main__:run:41 - 采集脚本发生错误("'NoneType' object has no attribute 'hexdigest'",)
2020-04-08 17:56:49.295 | DEBUG    | __main__:run:41 - 采集脚本发生错误("'NoneType' object has no attribute 'hexdigest'",)
2020-04-08 17:57:17.297 | INFO     | __main__:run:30 - 目前还剩余~~~~100个keywords未采集
2020-04-08 17:57:17.297 | INFO     | __main__:run:30 - 目前还剩余~~~~100个keywords未采集
2020-04-08 17:57:17.298 | INFO     | __main__:run:34 - 正在采集第~~~1-50个关键词
2020-04-08 17:57:17.298 | INFO     | __main__:run:34 - 正在采集第~~~1-50个关键词
2020-04-08 17:57:18.642 | DEBUG    | __main__:run:41 - 采集脚本发生错误("'NoneType' object has no attribute 'hexdigest'",)
2020-04-08 17:57:18.642 | DEBUG    | __main__:run:41 - 采集脚本发生错误("'NoneType' object has no attribute 'hexdigest'",)
2020-04-08 17:57:18.642 | DEBUG    | __main__:run:41 - 采集脚本发生错误("'NoneType' object has no attribute 'hexdigest'",)
2020-04-08 17:59:24.461 | INFO     | __main__:run:30 - 目前还剩余~~~~100个keywords未采集
2020-04-08 17:59:24.461 | INFO     | __main__:run:30 - 目前还剩余~~~~100个keywords未采集
2020-04-08 17:59:24.461 | INFO     | __main__:run:34 - 正在采集第~~~1-50个关键词
2020-04-08 17:59:24.461 | INFO     | __main__:run:34 - 正在采集第~~~1-50个关键词
2020-04-08 17:59:25.773 | DEBUG    | __main__:run:41 - 采集脚本发生错误(1064, "You have an error in your SQL syntax; check the manual that corresponds to your MariaDB server version for the right syntax to use near 'b'x\\x9c\\xe5YkoT\\xc7\\x19\\xfe+\\xd1~j%;\\x9d\\xfb\\x05\\xa5\\x91\\xe6\\xcc\\xa5\\xa9\\xa2PD\\x' at line 1")
2020-04-08 17:59:25.773 | DEBUG    | __main__:run:41 - 采集脚本发生错误(1064, "You have an error in your SQL syntax; check the manual that corresponds to your MariaDB server version for the right syntax to use near 'b'x\\x9c\\xe5YkoT\\xc7\\x19\\xfe+\\xd1~j%;\\x9d\\xfb\\x05\\xa5\\x91\\xe6\\xcc\\xa5\\xa9\\xa2PD\\x' at line 1")
2020-04-08 17:59:25.773 | DEBUG    | __main__:run:41 - 采集脚本发生错误(1064, "You have an error in your SQL syntax; check the manual that corresponds to your MariaDB server version for the right syntax to use near 'b'x\\x9c\\xe5YkoT\\xc7\\x19\\xfe+\\xd1~j%;\\x9d\\xfb\\x05\\xa5\\x91\\xe6\\xcc\\xa5\\xa9\\xa2PD\\x' at line 1")
2020-04-08 18:02:59.272 | INFO     | __main__:run:30 - 目前还剩余~~~~100个keywords未采集
2020-04-08 18:02:59.272 | INFO     | __main__:run:30 - 目前还剩余~~~~100个keywords未采集
2020-04-08 18:02:59.274 | INFO     | __main__:run:34 - 正在采集第~~~1-50个关键词
2020-04-08 18:02:59.274 | INFO     | __main__:run:34 - 正在采集第~~~1-50个关键词
2020-04-08 18:02:59.548 | DEBUG    | __main__:run:41 - 采集脚本发生错误(1064, "You have an error in your SQL syntax; check the manual that corresponds to your MariaDB server version for the right syntax to use near 'b'eJzlWWtvVMcZ/ivRfmolO537BaWR5sylqaJQRPgQqeqHxT4lq653V2fXSiOEhEkCNlAwQQEDJiEQqK' at line 1")
2020-04-08 18:02:59.548 | DEBUG    | __main__:run:41 - 采集脚本发生错误(1064, "You have an error in your SQL syntax; check the manual that corresponds to your MariaDB server version for the right syntax to use near 'b'eJzlWWtvVMcZ/ivRfmolO537BaWR5sylqaJQRPgQqeqHxT4lq653V2fXSiOEhEkCNlAwQQEDJiEQqK' at line 1")
2020-04-08 18:02:59.548 | DEBUG    | __main__:run:41 - 采集脚本发生错误(1064, "You have an error in your SQL syntax; check the manual that corresponds to your MariaDB server version for the right syntax to use near 'b'eJzlWWtvVMcZ/ivRfmolO537BaWR5sylqaJQRPgQqeqHxT4lq653V2fXSiOEhEkCNlAwQQEDJiEQqK' at line 1")
2020-04-08 18:04:23.044 | INFO     | __main__:run:30 - 目前还剩余~~~~100个keywords未采集
2020-04-08 18:04:23.044 | INFO     | __main__:run:30 - 目前还剩余~~~~100个keywords未采集
2020-04-08 18:04:23.046 | INFO     | __main__:run:34 - 正在采集第~~~1-50个关键词
2020-04-08 18:04:23.046 | INFO     | __main__:run:34 - 正在采集第~~~1-50个关键词
2020-04-08 18:04:27.394 | DEBUG    | __main__:run:41 - 采集脚本发生错误(1064, "You have an error in your SQL syntax; check the manual that corresponds to your MariaDB server version for the right syntax to use near 'b'eJzlWWtvVMcZ/ivRfmolO537BaWR5szMaaooFBE+RKr6YbFPyarr3dXZXaURQsIkARsomKCAAZMQCN' at line 1")
2020-04-08 18:04:27.394 | DEBUG    | __main__:run:41 - 采集脚本发生错误(1064, "You have an error in your SQL syntax; check the manual that corresponds to your MariaDB server version for the right syntax to use near 'b'eJzlWWtvVMcZ/ivRfmolO537BaWR5szMaaooFBE+RKr6YbFPyarr3dXZXaURQsIkARsomKCAAZMQCN' at line 1")
2020-04-08 18:04:27.394 | DEBUG    | __main__:run:41 - 采集脚本发生错误(1064, "You have an error in your SQL syntax; check the manual that corresponds to your MariaDB server version for the right syntax to use near 'b'eJzlWWtvVMcZ/ivRfmolO537BaWR5szMaaooFBE+RKr6YbFPyarr3dXZXaURQsIkARsomKCAAZMQCN' at line 1")
2020-04-08 18:05:09.283 | INFO     | __main__:run:30 - 目前还剩余~~~~100个keywords未采集
2020-04-08 18:05:09.283 | INFO     | __main__:run:30 - 目前还剩余~~~~100个keywords未采集
2020-04-08 18:05:09.283 | INFO     | __main__:run:34 - 正在采集第~~~1-50个关键词
2020-04-08 18:05:09.283 | INFO     | __main__:run:34 - 正在采集第~~~1-50个关键词
2020-04-08 18:05:10.531 | DEBUG    | __main__:run:41 - 采集脚本发生错误(1064, "You have an error in your SQL syntax; check the manual that corresponds to your MariaDB server version for the right syntax to use near 'b'eJzlWWuPU8cZ/iuRP7XSOp37BaWRZs6caaooFBE+RKr6weyeEqte2zq2lUYIiSUJ7AKFJSiwwJIQCH' at line 1")
2020-04-08 18:05:10.531 | DEBUG    | __main__:run:41 - 采集脚本发生错误(1064, "You have an error in your SQL syntax; check the manual that corresponds to your MariaDB server version for the right syntax to use near 'b'eJzlWWuPU8cZ/iuRP7XSOp37BaWRZs6caaooFBE+RKr6weyeEqte2zq2lUYIiSUJ7AKFJSiwwJIQCH' at line 1")
2020-04-08 18:05:10.531 | DEBUG    | __main__:run:41 - 采集脚本发生错误(1064, "You have an error in your SQL syntax; check the manual that corresponds to your MariaDB server version for the right syntax to use near 'b'eJzlWWuPU8cZ/iuRP7XSOp37BaWRZs6caaooFBE+RKr6weyeEqte2zq2lUYIiSUJ7AKFJSiwwJIQCH' at line 1")
2020-04-09 09:08:56.636 | INFO     | __main__:run:30 - 目前还剩余~~~~100个keywords未采集
2020-04-09 09:08:56.636 | INFO     | __main__:run:30 - 目前还剩余~~~~100个keywords未采集
2020-04-09 09:08:56.636 | INFO     | __main__:run:34 - 正在采集第~~~1-50个关键词
2020-04-09 09:08:56.636 | INFO     | __main__:run:34 - 正在采集第~~~1-50个关键词
2020-04-09 09:09:09.116 | DEBUG    | __main__:run:41 - 采集脚本发生错误(1064, "You have an error in your SQL syntax; check the manual that corresponds to your MariaDB server version for the right syntax to use near 'b'eJzlWWtvVMcZ/ivRfmolO537BaWR5nKmqaJQRPgQqeqHxT4lq653V2fXSiOEhEkCNlAwQQEDJiEQqK' at line 1")
2020-04-09 09:09:09.116 | DEBUG    | __main__:run:41 - 采集脚本发生错误(1064, "You have an error in your SQL syntax; check the manual that corresponds to your MariaDB server version for the right syntax to use near 'b'eJzlWWtvVMcZ/ivRfmolO537BaWR5nKmqaJQRPgQqeqHxT4lq653V2fXSiOEhEkCNlAwQQEDJiEQqK' at line 1")
2020-04-09 09:09:09.116 | DEBUG    | __main__:run:41 - 采集脚本发生错误(1064, "You have an error in your SQL syntax; check the manual that corresponds to your MariaDB server version for the right syntax to use near 'b'eJzlWWtvVMcZ/ivRfmolO537BaWR5nKmqaJQRPgQqeqHxT4lq653V2fXSiOEhEkCNlAwQQEDJiEQqK' at line 1")
2020-04-09 09:14:36.199 | INFO     | __main__:run:30 - 目前还剩余~~~~100个keywords未采集
2020-04-09 09:14:36.199 | INFO     | __main__:run:30 - 目前还剩余~~~~100个keywords未采集
2020-04-09 09:14:36.200 | INFO     | __main__:run:34 - 正在采集第~~~1-50个关键词
2020-04-09 09:14:36.200 | INFO     | __main__:run:34 - 正在采集第~~~1-50个关键词
2020-04-09 09:14:40.545 | DEBUG    | __main__:run:41 - 采集脚本发生错误(1064, "You have an error in your SQL syntax; check the manual that corresponds to your MariaDB server version for the right syntax to use near 'b'\\xfd7zXZ\\x00\\x00\\x04\\xe6\\xd6\\xb4F\\x02\\x00!\\x01\\x16\\x00\\x00\\x00t/\\xe5\\xa3\\xe0 V' at line 1")
2020-04-09 09:14:40.545 | DEBUG    | __main__:run:41 - 采集脚本发生错误(1064, "You have an error in your SQL syntax; check the manual that corresponds to your MariaDB server version for the right syntax to use near 'b'\\xfd7zXZ\\x00\\x00\\x04\\xe6\\xd6\\xb4F\\x02\\x00!\\x01\\x16\\x00\\x00\\x00t/\\xe5\\xa3\\xe0 V' at line 1")
2020-04-09 09:14:40.545 | DEBUG    | __main__:run:41 - 采集脚本发生错误(1064, "You have an error in your SQL syntax; check the manual that corresponds to your MariaDB server version for the right syntax to use near 'b'\\xfd7zXZ\\x00\\x00\\x04\\xe6\\xd6\\xb4F\\x02\\x00!\\x01\\x16\\x00\\x00\\x00t/\\xe5\\xa3\\xe0 V' at line 1")
2020-04-09 09:15:32.718 | INFO     | __main__:run:30 - 目前还剩余~~~~100个keywords未采集
2020-04-09 09:15:32.718 | INFO     | __main__:run:30 - 目前还剩余~~~~100个keywords未采集
2020-04-09 09:15:32.720 | INFO     | __main__:run:34 - 正在采集第~~~1-50个关键词
2020-04-09 09:15:32.720 | INFO     | __main__:run:34 - 正在采集第~~~1-50个关键词
2020-04-09 09:15:34.081 | DEBUG    | __main__:run:41 - 采集脚本发生错误(1064, "You have an error in your SQL syntax; check the manual that corresponds to your MariaDB server version for the right syntax to use near 'b'\\xfd7zXZ\\x00\\x00\\x04\\xe6\\xd6\\xb4F\\x02\\x00!\\x01\\x16\\x00\\x00\\x00t/\\xe5\\xa3\\xe0 V' at line 1")
2020-04-09 09:15:34.081 | DEBUG    | __main__:run:41 - 采集脚本发生错误(1064, "You have an error in your SQL syntax; check the manual that corresponds to your MariaDB server version for the right syntax to use near 'b'\\xfd7zXZ\\x00\\x00\\x04\\xe6\\xd6\\xb4F\\x02\\x00!\\x01\\x16\\x00\\x00\\x00t/\\xe5\\xa3\\xe0 V' at line 1")
2020-04-09 09:15:34.081 | DEBUG    | __main__:run:41 - 采集脚本发生错误(1064, "You have an error in your SQL syntax; check the manual that corresponds to your MariaDB server version for the right syntax to use near 'b'\\xfd7zXZ\\x00\\x00\\x04\\xe6\\xd6\\xb4F\\x02\\x00!\\x01\\x16\\x00\\x00\\x00t/\\xe5\\xa3\\xe0 V' at line 1")
2020-04-09 09:17:39.948 | INFO     | __main__:run:30 - 目前还剩余~~~~100个keywords未采集
2020-04-09 09:17:39.948 | INFO     | __main__:run:30 - 目前还剩余~~~~100个keywords未采集
2020-04-09 09:17:39.948 | INFO     | __main__:run:34 - 正在采集第~~~1-50个关键词
2020-04-09 09:17:39.948 | INFO     | __main__:run:34 - 正在采集第~~~1-50个关键词
2020-04-09 09:17:43.276 | INFO     | crawl_spider:collect_data:90 - 成功采集路易达孚（天津）食品科技有限责任公司
2020-04-09 09:17:43.276 | INFO     | crawl_spider:collect_data:90 - 成功采集路易达孚（天津）食品科技有限责任公司
2020-04-09 09:17:43.276 | INFO     | crawl_spider:collect_data:90 - 成功采集路易达孚（天津）食品科技有限责任公司
2020-04-09 09:20:01.941 | INFO     | __main__:run:30 - 目前还剩余~~~~100个keywords未采集
2020-04-09 09:20:01.941 | INFO     | __main__:run:30 - 目前还剩余~~~~100个keywords未采集
2020-04-09 09:20:01.943 | INFO     | __main__:run:34 - 正在采集第~~~1-50个关键词
2020-04-09 09:20:01.943 | INFO     | __main__:run:34 - 正在采集第~~~1-50个关键词
2020-04-09 09:22:54.986 | INFO     | __main__:run:30 - 目前还剩余~~~~100个keywords未采集
2020-04-09 09:22:54.986 | INFO     | __main__:run:30 - 目前还剩余~~~~100个keywords未采集
2020-04-09 09:22:54.988 | INFO     | __main__:run:34 - 正在采集第~~~1-50个关键词
2020-04-09 09:22:54.988 | INFO     | __main__:run:34 - 正在采集第~~~1-50个关键词
2020-04-09 09:22:56.315 | INFO     | crawl_spider:collect_data:91 - 成功采集路易达孚（天津）食品科技有限责任公司
2020-04-09 09:22:56.315 | INFO     | crawl_spider:collect_data:91 - 成功采集路易达孚（天津）食品科技有限责任公司
2020-04-09 09:22:56.315 | INFO     | crawl_spider:collect_data:91 - 成功采集路易达孚（天津）食品科技有限责任公司
2020-04-09 09:22:58.224 | INFO     | crawl_spider:collect_data:91 - 成功采集中和澳亚（天津）食品科技有限责任公司
2020-04-09 09:22:58.224 | INFO     | crawl_spider:collect_data:91 - 成功采集中和澳亚（天津）食品科技有限责任公司
2020-04-09 09:22:58.224 | INFO     | crawl_spider:collect_data:91 - 成功采集中和澳亚（天津）食品科技有限责任公司
2020-04-09 09:22:58.237 | INFO     | crawl_spider:collect_data:91 - 成功采集华鹏未来（天津）节能科技有限公司
2020-04-09 09:22:58.237 | INFO     | crawl_spider:collect_data:91 - 成功采集华鹏未来（天津）节能科技有限公司
2020-04-09 09:22:58.237 | INFO     | crawl_spider:collect_data:91 - 成功采集华鹏未来（天津）节能科技有限公司
2020-04-09 09:22:58.248 | INFO     | crawl_spider:collect_data:91 - 成功采集好利来（天津）食品科技有限公司
2020-04-09 09:22:58.248 | INFO     | crawl_spider:collect_data:91 - 成功采集好利来（天津）食品科技有限公司
2020-04-09 09:22:58.248 | INFO     | crawl_spider:collect_data:91 - 成功采集好利来（天津）食品科技有限公司
2020-04-09 09:22:58.248 | INFO     | crawl_spider:collect_data:91 - 成功采集尚品源（天津）食品科技有限公司
2020-04-09 09:22:58.248 | INFO     | crawl_spider:collect_data:91 - 成功采集尚品源（天津）食品科技有限公司
2020-04-09 09:22:58.248 | INFO     | crawl_spider:collect_data:91 - 成功采集尚品源（天津）食品科技有限公司
2020-04-09 09:22:58.248 | INFO     | crawl_spider:collect_data:91 - 成功采集麦优格食品科技（天津）有限公司
2020-04-09 09:22:58.248 | INFO     | crawl_spider:collect_data:91 - 成功采集麦优格食品科技（天津）有限公司
2020-04-09 09:22:58.248 | INFO     | crawl_spider:collect_data:91 - 成功采集麦优格食品科技（天津）有限公司
2020-04-09 09:22:58.248 | INFO     | crawl_spider:collect_data:91 - 成功采集天津百肯食品科技有限公司
2020-04-09 09:22:58.248 | INFO     | crawl_spider:collect_data:91 - 成功采集天津百肯食品科技有限公司
2020-04-09 09:22:58.248 | INFO     | crawl_spider:collect_data:91 - 成功采集天津百肯食品科技有限公司
2020-04-09 09:22:58.268 | INFO     | crawl_spider:collect_data:91 - 成功采集天津众惠食品科技有限公司
2020-04-09 09:22:58.268 | INFO     | crawl_spider:collect_data:91 - 成功采集天津众惠食品科技有限公司
2020-04-09 09:22:58.268 | INFO     | crawl_spider:collect_data:91 - 成功采集天津众惠食品科技有限公司
2020-04-09 09:22:58.272 | INFO     | crawl_spider:collect_data:91 - 成功采集中食创新（天津）食品科技有限公司
2020-04-09 09:22:58.272 | INFO     | crawl_spider:collect_data:91 - 成功采集中食创新（天津）食品科技有限公司
2020-04-09 09:22:58.272 | INFO     | crawl_spider:collect_data:91 - 成功采集中食创新（天津）食品科技有限公司
2020-04-09 09:22:58.277 | INFO     | crawl_spider:collect_data:91 - 成功采集天津快客利食品科技咨询有限公司
2020-04-09 09:22:58.277 | INFO     | crawl_spider:collect_data:91 - 成功采集天津快客利食品科技咨询有限公司
2020-04-09 09:22:58.277 | INFO     | crawl_spider:collect_data:91 - 成功采集天津快客利食品科技咨询有限公司
2020-04-09 09:23:05.861 | INFO     | crawl_spider:collect_data:91 - 成功采集天津市多顺达土石方工程有限公司
2020-04-09 09:23:05.861 | INFO     | crawl_spider:collect_data:91 - 成功采集天津市多顺达土石方工程有限公司
2020-04-09 09:23:05.861 | INFO     | crawl_spider:collect_data:91 - 成功采集天津市多顺达土石方工程有限公司
2020-04-09 09:23:05.861 | INFO     | crawl_spider:collect_data:91 - 成功采集中顺达科技（天津）有限公司
2020-04-09 09:23:05.861 | INFO     | crawl_spider:collect_data:91 - 成功采集中顺达科技（天津）有限公司
2020-04-09 09:23:05.861 | INFO     | crawl_spider:collect_data:91 - 成功采集中顺达科技（天津）有限公司
2020-04-09 09:23:05.881 | INFO     | crawl_spider:collect_data:91 - 成功采集天津润豪建筑工程有限公司
2020-04-09 09:23:05.881 | INFO     | crawl_spider:collect_data:91 - 成功采集天津润豪建筑工程有限公司
2020-04-09 09:23:05.881 | INFO     | crawl_spider:collect_data:91 - 成功采集天津润豪建筑工程有限公司
2020-04-09 09:23:05.884 | INFO     | crawl_spider:collect_data:91 - 成功采集天津市中兴顺达建筑工程有限公司
2020-04-09 09:23:05.884 | INFO     | crawl_spider:collect_data:91 - 成功采集天津市中兴顺达建筑工程有限公司
2020-04-09 09:23:05.884 | INFO     | crawl_spider:collect_data:91 - 成功采集天津市中兴顺达建筑工程有限公司
2020-04-09 09:23:05.900 | INFO     | crawl_spider:collect_data:91 - 成功采集天津恒盛顺达资产管理有限公司
2020-04-09 09:23:05.900 | INFO     | crawl_spider:collect_data:91 - 成功采集天津恒盛顺达资产管理有限公司
2020-04-09 09:23:05.900 | INFO     | crawl_spider:collect_data:91 - 成功采集天津恒盛顺达资产管理有限公司
2020-04-09 09:23:05.900 | INFO     | crawl_spider:collect_data:91 - 成功采集天津市顺达汽车零部件有限公司
2020-04-09 09:23:05.900 | INFO     | crawl_spider:collect_data:91 - 成功采集天津市顺达汽车零部件有限公司
2020-04-09 09:23:05.900 | INFO     | crawl_spider:collect_data:91 - 成功采集天津市顺达汽车零部件有限公司
2020-04-09 09:23:05.900 | INFO     | crawl_spider:collect_data:91 - 成功采集天津顺达投资有限公司
2020-04-09 09:23:05.900 | INFO     | crawl_spider:collect_data:91 - 成功采集天津顺达投资有限公司
2020-04-09 09:23:05.900 | INFO     | crawl_spider:collect_data:91 - 成功采集天津顺达投资有限公司
2020-04-09 09:23:05.900 | INFO     | crawl_spider:collect_data:91 - 成功采集昌盛顺达投资有限公司
2020-04-09 09:23:05.900 | INFO     | crawl_spider:collect_data:91 - 成功采集昌盛顺达投资有限公司
2020-04-09 09:23:05.900 | INFO     | crawl_spider:collect_data:91 - 成功采集昌盛顺达投资有限公司
2020-04-09 09:23:05.920 | INFO     | crawl_spider:collect_data:91 - 成功采集天津鸿诚顺达运输有限公司
2020-04-09 09:23:05.920 | INFO     | crawl_spider:collect_data:91 - 成功采集天津鸿诚顺达运输有限公司
2020-04-09 09:23:05.920 | INFO     | crawl_spider:collect_data:91 - 成功采集天津鸿诚顺达运输有限公司
2020-04-09 09:23:05.925 | INFO     | crawl_spider:collect_data:91 - 成功采集天津市恩顺达国际贸易有限公司
2020-04-09 09:23:05.925 | INFO     | crawl_spider:collect_data:91 - 成功采集天津市恩顺达国际贸易有限公司
2020-04-09 09:23:05.925 | INFO     | crawl_spider:collect_data:91 - 成功采集天津市恩顺达国际贸易有限公司
2020-04-09 09:23:09.201 | INFO     | crawl_spider:collect_data:91 - 成功采集天津轨道交通集团有限公司
2020-04-09 09:23:09.201 | INFO     | crawl_spider:collect_data:91 - 成功采集天津轨道交通集团有限公司
2020-04-09 09:23:09.201 | INFO     | crawl_spider:collect_data:91 - 成功采集天津轨道交通集团有限公司
2020-04-09 09:23:09.201 | INFO     | crawl_spider:collect_data:91 - 成功采集华北中远海运散货运输有限公司
2020-04-09 09:23:09.201 | INFO     | crawl_spider:collect_data:91 - 成功采集华北中远海运散货运输有限公司
2020-04-09 09:23:09.201 | INFO     | crawl_spider:collect_data:91 - 成功采集华北中远海运散货运输有限公司
2020-04-09 09:23:09.225 | INFO     | crawl_spider:collect_data:91 - 成功采集渤海钢铁集团有限公司
2020-04-09 09:23:09.225 | INFO     | crawl_spider:collect_data:91 - 成功采集渤海钢铁集团有限公司
2020-04-09 09:23:09.225 | INFO     | crawl_spider:collect_data:91 - 成功采集渤海钢铁集团有限公司
2020-04-09 09:23:09.227 | INFO     | crawl_spider:collect_data:91 - 成功采集天津于家堡投资控股（集团）有限公司
2020-04-09 09:23:09.227 | INFO     | crawl_spider:collect_data:91 - 成功采集天津于家堡投资控股（集团）有限公司
2020-04-09 09:23:09.227 | INFO     | crawl_spider:collect_data:91 - 成功采集天津于家堡投资控股（集团）有限公司
2020-04-09 09:23:09.227 | INFO     | crawl_spider:collect_data:91 - 成功采集天津渤海化工集团有限责任公司
2020-04-09 09:23:09.227 | INFO     | crawl_spider:collect_data:91 - 成功采集天津渤海化工集团有限责任公司
2020-04-09 09:23:09.227 | INFO     | crawl_spider:collect_data:91 - 成功采集天津渤海化工集团有限责任公司
2020-04-09 09:23:09.227 | INFO     | crawl_spider:collect_data:91 - 成功采集天津钢管集团股份有限公司
2020-04-09 09:23:09.227 | INFO     | crawl_spider:collect_data:91 - 成功采集天津钢管集团股份有限公司
2020-04-09 09:23:09.227 | INFO     | crawl_spider:collect_data:91 - 成功采集天津钢管集团股份有限公司
2020-04-09 09:23:09.242 | INFO     | crawl_spider:collect_data:91 - 成功采集天津市宁河区兴宁建设投资集团有限公司
2020-04-09 09:23:09.242 | INFO     | crawl_spider:collect_data:91 - 成功采集天津市宁河区兴宁建设投资集团有限公司
2020-04-09 09:23:09.242 | INFO     | crawl_spider:collect_data:91 - 成功采集天津市宁河区兴宁建设投资集团有限公司
2020-04-09 09:23:09.242 | INFO     | crawl_spider:collect_data:91 - 成功采集天津和柚技术有限公司
2020-04-09 09:23:09.242 | INFO     | crawl_spider:collect_data:91 - 成功采集天津和柚技术有限公司
2020-04-09 09:23:09.242 | INFO     | crawl_spider:collect_data:91 - 成功采集天津和柚技术有限公司
2020-04-09 09:23:09.242 | INFO     | crawl_spider:collect_data:91 - 成功采集天津鞍钢天铁冷轧薄板有限公司
2020-04-09 09:23:09.242 | INFO     | crawl_spider:collect_data:91 - 成功采集天津鞍钢天铁冷轧薄板有限公司
2020-04-09 09:23:09.242 | INFO     | crawl_spider:collect_data:91 - 成功采集天津鞍钢天铁冷轧薄板有限公司
2020-04-09 09:23:09.262 | INFO     | crawl_spider:collect_data:91 - 成功采集中国铁建大桥工程局集团有限公司
2020-04-09 09:23:09.262 | INFO     | crawl_spider:collect_data:91 - 成功采集中国铁建大桥工程局集团有限公司
2020-04-09 09:23:09.262 | INFO     | crawl_spider:collect_data:91 - 成功采集中国铁建大桥工程局集团有限公司
2020-04-09 09:23:15.614 | INFO     | crawl_spider:collect_data:91 - 成功采集恒盛阳光鑫地（天津）投资有限公司
2020-04-09 09:23:15.614 | INFO     | crawl_spider:collect_data:91 - 成功采集恒盛阳光鑫地（天津）投资有限公司
2020-04-09 09:23:15.614 | INFO     | crawl_spider:collect_data:91 - 成功采集恒盛阳光鑫地（天津）投资有限公司
2020-04-09 09:23:15.614 | INFO     | crawl_spider:collect_data:91 - 成功采集天津阳光新城市商业投资有限公司
2020-04-09 09:23:15.614 | INFO     | crawl_spider:collect_data:91 - 成功采集天津阳光新城市商业投资有限公司
2020-04-09 09:23:15.614 | INFO     | crawl_spider:collect_data:91 - 成功采集天津阳光新城市商业投资有限公司
2020-04-09 09:23:15.635 | INFO     | crawl_spider:collect_data:91 - 成功采集菱华阳光（天津）房地产开发有限公司
2020-04-09 09:23:15.635 | INFO     | crawl_spider:collect_data:91 - 成功采集菱华阳光（天津）房地产开发有限公司
2020-04-09 09:23:15.635 | INFO     | crawl_spider:collect_data:91 - 成功采集菱华阳光（天津）房地产开发有限公司
2020-04-09 09:23:15.647 | INFO     | crawl_spider:collect_data:91 - 成功采集天津力高阳光健康管理有限公司
2020-04-09 09:23:15.647 | INFO     | crawl_spider:collect_data:91 - 成功采集天津力高阳光健康管理有限公司
2020-04-09 09:23:15.647 | INFO     | crawl_spider:collect_data:91 - 成功采集天津力高阳光健康管理有限公司
2020-04-09 09:23:15.653 | INFO     | crawl_spider:collect_data:91 - 成功采集阳光国贸（天津）有限公司
2020-04-09 09:23:15.653 | INFO     | crawl_spider:collect_data:91 - 成功采集阳光国贸（天津）有限公司
2020-04-09 09:23:15.653 | INFO     | crawl_spider:collect_data:91 - 成功采集阳光国贸（天津）有限公司
2020-04-09 09:23:15.658 | INFO     | crawl_spider:collect_data:91 - 成功采集天津阳光七星文化发展有限公司
2020-04-09 09:23:15.658 | INFO     | crawl_spider:collect_data:91 - 成功采集天津阳光七星文化发展有限公司
2020-04-09 09:23:15.658 | INFO     | crawl_spider:collect_data:91 - 成功采集天津阳光七星文化发展有限公司
2020-04-09 09:23:15.664 | INFO     | crawl_spider:collect_data:91 - 成功采集阳光国际融资租赁（天津）有限公司
2020-04-09 09:23:15.664 | INFO     | crawl_spider:collect_data:91 - 成功采集阳光国际融资租赁（天津）有限公司
2020-04-09 09:23:15.664 | INFO     | crawl_spider:collect_data:91 - 成功采集阳光国际融资租赁（天津）有限公司
2020-04-09 09:23:15.670 | INFO     | crawl_spider:collect_data:91 - 成功采集天津瑞霖思卓商贸有限公司
2020-04-09 09:23:15.670 | INFO     | crawl_spider:collect_data:91 - 成功采集天津瑞霖思卓商贸有限公司
2020-04-09 09:23:15.670 | INFO     | crawl_spider:collect_data:91 - 成功采集天津瑞霖思卓商贸有限公司
2020-04-09 09:23:15.676 | INFO     | crawl_spider:collect_data:91 - 成功采集天津市五一阳光投资发展有限公司
2020-04-09 09:23:15.676 | INFO     | crawl_spider:collect_data:91 - 成功采集天津市五一阳光投资发展有限公司
2020-04-09 09:23:15.676 | INFO     | crawl_spider:collect_data:91 - 成功采集天津市五一阳光投资发展有限公司
2020-04-09 09:23:15.680 | INFO     | crawl_spider:collect_data:91 - 成功采集天津孚信阳光科技有限公司
2020-04-09 09:23:15.680 | INFO     | crawl_spider:collect_data:91 - 成功采集天津孚信阳光科技有限公司
2020-04-09 09:23:15.680 | INFO     | crawl_spider:collect_data:91 - 成功采集天津孚信阳光科技有限公司
2020-04-09 09:23:38.596 | INFO     | crawl_spider:collect_data:91 - 成功采集天津市京建建筑防水工程有限公司
2020-04-09 09:23:38.596 | INFO     | crawl_spider:collect_data:91 - 成功采集天津市京建建筑防水工程有限公司
2020-04-09 09:23:38.596 | INFO     | crawl_spider:collect_data:91 - 成功采集天津市京建建筑防水工程有限公司
2020-04-09 09:23:38.602 | INFO     | crawl_spider:collect_data:91 - 成功采集天津市鹏程防水工程有限公司
2020-04-09 09:23:38.602 | INFO     | crawl_spider:collect_data:91 - 成功采集天津市鹏程防水工程有限公司
2020-04-09 09:23:38.602 | INFO     | crawl_spider:collect_data:91 - 成功采集天津市鹏程防水工程有限公司
2020-04-09 09:23:38.606 | INFO     | crawl_spider:collect_data:91 - 成功采集天津天河昊防水工程股份有限公司
2020-04-09 09:23:38.606 | INFO     | crawl_spider:collect_data:91 - 成功采集天津天河昊防水工程股份有限公司
2020-04-09 09:23:38.606 | INFO     | crawl_spider:collect_data:91 - 成功采集天津天河昊防水工程股份有限公司
2020-04-09 09:23:38.610 | INFO     | crawl_spider:collect_data:91 - 成功采集天津胜茂建筑工程集团有限公司
2020-04-09 09:23:38.610 | INFO     | crawl_spider:collect_data:91 - 成功采集天津胜茂建筑工程集团有限公司
2020-04-09 09:23:38.610 | INFO     | crawl_spider:collect_data:91 - 成功采集天津胜茂建筑工程集团有限公司
2020-04-09 09:23:38.610 | INFO     | crawl_spider:collect_data:91 - 成功采集天津东方雨虹防水工程有限公司
2020-04-09 09:23:38.610 | INFO     | crawl_spider:collect_data:91 - 成功采集天津东方雨虹防水工程有限公司
2020-04-09 09:23:38.610 | INFO     | crawl_spider:collect_data:91 - 成功采集天津东方雨虹防水工程有限公司
2020-04-09 09:23:38.610 | INFO     | crawl_spider:collect_data:91 - 成功采集天津澳克兰防水工程有限公司
2020-04-09 09:23:38.610 | INFO     | crawl_spider:collect_data:91 - 成功采集天津澳克兰防水工程有限公司
2020-04-09 09:23:38.610 | INFO     | crawl_spider:collect_data:91 - 成功采集天津澳克兰防水工程有限公司
2020-04-09 09:23:38.627 | INFO     | crawl_spider:collect_data:91 - 成功采集天津海盾防水工程有限公司
2020-04-09 09:23:38.627 | INFO     | crawl_spider:collect_data:91 - 成功采集天津海盾防水工程有限公司
2020-04-09 09:23:38.627 | INFO     | crawl_spider:collect_data:91 - 成功采集天津海盾防水工程有限公司
2020-04-09 09:23:38.630 | INFO     | crawl_spider:collect_data:91 - 成功采集天津科顺建筑防水工程有限公司
2020-04-09 09:23:38.630 | INFO     | crawl_spider:collect_data:91 - 成功采集天津科顺建筑防水工程有限公司
2020-04-09 09:23:38.630 | INFO     | crawl_spider:collect_data:91 - 成功采集天津科顺建筑防水工程有限公司
2020-04-09 09:23:38.632 | INFO     | crawl_spider:collect_data:91 - 成功采集天津久泰防水工程有限公司
2020-04-09 09:23:38.632 | INFO     | crawl_spider:collect_data:91 - 成功采集天津久泰防水工程有限公司
2020-04-09 09:23:38.632 | INFO     | crawl_spider:collect_data:91 - 成功采集天津久泰防水工程有限公司
2020-04-09 09:23:38.634 | INFO     | crawl_spider:collect_data:91 - 成功采集天津裕华建筑防水工程有限公司
2020-04-09 09:23:38.634 | INFO     | crawl_spider:collect_data:91 - 成功采集天津裕华建筑防水工程有限公司
2020-04-09 09:23:38.634 | INFO     | crawl_spider:collect_data:91 - 成功采集天津裕华建筑防水工程有限公司
2020-04-09 09:23:39.480 | INFO     | crawl_spider:collect_data:91 - 成功采集江铜华北（天津）铜业有限公司
2020-04-09 09:23:39.480 | INFO     | crawl_spider:collect_data:91 - 成功采集江铜华北（天津）铜业有限公司
2020-04-09 09:23:39.480 | INFO     | crawl_spider:collect_data:91 - 成功采集江铜华北（天津）铜业有限公司
2020-04-09 09:23:39.480 | INFO     | crawl_spider:collect_data:91 - 成功采集天津大通铜业有限公司
2020-04-09 09:23:39.480 | INFO     | crawl_spider:collect_data:91 - 成功采集天津大通铜业有限公司
2020-04-09 09:23:39.480 | INFO     | crawl_spider:collect_data:91 - 成功采集天津大通铜业有限公司
2020-04-09 09:23:39.496 | INFO     | crawl_spider:collect_data:91 - 成功采集天津大容铜业有限公司
2020-04-09 09:23:39.496 | INFO     | crawl_spider:collect_data:91 - 成功采集天津大容铜业有限公司
2020-04-09 09:23:39.496 | INFO     | crawl_spider:collect_data:91 - 成功采集天津大容铜业有限公司
2020-04-09 09:23:39.496 | INFO     | crawl_spider:collect_data:91 - 成功采集中瑞富泰铜业（天津）有限公司
2020-04-09 09:23:39.496 | INFO     | crawl_spider:collect_data:91 - 成功采集中瑞富泰铜业（天津）有限公司
2020-04-09 09:23:39.496 | INFO     | crawl_spider:collect_data:91 - 成功采集中瑞富泰铜业（天津）有限公司
2020-04-09 09:23:39.515 | INFO     | crawl_spider:collect_data:91 - 成功采集天津大无缝铜业有限公司
2020-04-09 09:23:39.515 | INFO     | crawl_spider:collect_data:91 - 成功采集天津大无缝铜业有限公司
2020-04-09 09:23:39.515 | INFO     | crawl_spider:collect_data:91 - 成功采集天津大无缝铜业有限公司
2020-04-09 09:23:39.520 | INFO     | crawl_spider:collect_data:91 - 成功采集天津华北集团铜业有限公司
2020-04-09 09:23:39.520 | INFO     | crawl_spider:collect_data:91 - 成功采集天津华北集团铜业有限公司
2020-04-09 09:23:39.520 | INFO     | crawl_spider:collect_data:91 - 成功采集天津华北集团铜业有限公司
2020-04-09 09:23:39.525 | INFO     | crawl_spider:collect_data:91 - 成功采集天津子牙瑞丰铜业有限公司
2020-04-09 09:23:39.525 | INFO     | crawl_spider:collect_data:91 - 成功采集天津子牙瑞丰铜业有限公司
2020-04-09 09:23:39.525 | INFO     | crawl_spider:collect_data:91 - 成功采集天津子牙瑞丰铜业有限公司
2020-04-09 09:23:39.528 | INFO     | crawl_spider:collect_data:91 - 成功采集天津子牙天成铜业有限公司
2020-04-09 09:23:39.528 | INFO     | crawl_spider:collect_data:91 - 成功采集天津子牙天成铜业有限公司
2020-04-09 09:23:39.528 | INFO     | crawl_spider:collect_data:91 - 成功采集天津子牙天成铜业有限公司
2020-04-09 09:23:39.530 | INFO     | crawl_spider:collect_data:91 - 成功采集天津金飞腾铜业有限公司
2020-04-09 09:23:39.530 | INFO     | crawl_spider:collect_data:91 - 成功采集天津金飞腾铜业有限公司
2020-04-09 09:23:39.530 | INFO     | crawl_spider:collect_data:91 - 成功采集天津金飞腾铜业有限公司
2020-04-09 09:23:39.533 | INFO     | crawl_spider:collect_data:91 - 成功采集天津北方鸿远铜业有限公司
2020-04-09 09:23:39.533 | INFO     | crawl_spider:collect_data:91 - 成功采集天津北方鸿远铜业有限公司
2020-04-09 09:23:39.533 | INFO     | crawl_spider:collect_data:91 - 成功采集天津北方鸿远铜业有限公司
2020-04-09 09:23:52.109 | INFO     | crawl_spider:collect_data:91 - 成功采集黑龙江狮龙针纺织品有限公司天津分公司
2020-04-09 09:23:52.109 | INFO     | crawl_spider:collect_data:91 - 成功采集黑龙江狮龙针纺织品有限公司天津分公司
2020-04-09 09:23:52.109 | INFO     | crawl_spider:collect_data:91 - 成功采集黑龙江狮龙针纺织品有限公司天津分公司
2020-04-09 09:23:52.117 | INFO     | crawl_spider:collect_data:91 - 成功采集天津开发区丽艳针纺织品有限公司
2020-04-09 09:23:52.117 | INFO     | crawl_spider:collect_data:91 - 成功采集天津开发区丽艳针纺织品有限公司
2020-04-09 09:23:52.117 | INFO     | crawl_spider:collect_data:91 - 成功采集天津开发区丽艳针纺织品有限公司
2020-04-09 09:23:52.123 | INFO     | crawl_spider:collect_data:91 - 成功采集天津市康丽隆针纺织品有限公司
2020-04-09 09:23:52.123 | INFO     | crawl_spider:collect_data:91 - 成功采集天津市康丽隆针纺织品有限公司
2020-04-09 09:23:52.123 | INFO     | crawl_spider:collect_data:91 - 成功采集天津市康丽隆针纺织品有限公司
2020-04-09 09:23:52.128 | INFO     | crawl_spider:collect_data:91 - 成功采集天津市舒美针纺织品有限公司
2020-04-09 09:23:52.128 | INFO     | crawl_spider:collect_data:91 - 成功采集天津市舒美针纺织品有限公司
2020-04-09 09:23:52.128 | INFO     | crawl_spider:collect_data:91 - 成功采集天津市舒美针纺织品有限公司
2020-04-09 09:23:52.131 | INFO     | crawl_spider:collect_data:91 - 成功采集天津永光源针纺织品贸易有限公司
2020-04-09 09:23:52.131 | INFO     | crawl_spider:collect_data:91 - 成功采集天津永光源针纺织品贸易有限公司
2020-04-09 09:23:52.131 | INFO     | crawl_spider:collect_data:91 - 成功采集天津永光源针纺织品贸易有限公司
2020-04-09 09:23:52.135 | INFO     | crawl_spider:collect_data:91 - 成功采集木林鹏（天津）针纺织品贸易有限公司
2020-04-09 09:23:52.135 | INFO     | crawl_spider:collect_data:91 - 成功采集木林鹏（天津）针纺织品贸易有限公司
2020-04-09 09:23:52.135 | INFO     | crawl_spider:collect_data:91 - 成功采集木林鹏（天津）针纺织品贸易有限公司
2020-04-09 09:23:52.139 | INFO     | crawl_spider:collect_data:91 - 成功采集天津市驰骋针纺织品有限公司
2020-04-09 09:23:52.139 | INFO     | crawl_spider:collect_data:91 - 成功采集天津市驰骋针纺织品有限公司
2020-04-09 09:23:52.139 | INFO     | crawl_spider:collect_data:91 - 成功采集天津市驰骋针纺织品有限公司
2020-04-09 09:23:52.142 | INFO     | crawl_spider:collect_data:91 - 成功采集天津市裕馨针纺织品有限公司
2020-04-09 09:23:52.142 | INFO     | crawl_spider:collect_data:91 - 成功采集天津市裕馨针纺织品有限公司
2020-04-09 09:23:52.142 | INFO     | crawl_spider:collect_data:91 - 成功采集天津市裕馨针纺织品有限公司
2020-04-09 09:23:52.145 | INFO     | crawl_spider:collect_data:91 - 成功采集天津宏丰针纺织品有限公司
2020-04-09 09:23:52.145 | INFO     | crawl_spider:collect_data:91 - 成功采集天津宏丰针纺织品有限公司
2020-04-09 09:23:52.145 | INFO     | crawl_spider:collect_data:91 - 成功采集天津宏丰针纺织品有限公司
2020-04-09 09:23:52.148 | INFO     | crawl_spider:collect_data:91 - 成功采集天津鸿超恒业针纺织品有限公司
2020-04-09 09:23:52.148 | INFO     | crawl_spider:collect_data:91 - 成功采集天津鸿超恒业针纺织品有限公司
2020-04-09 09:23:52.148 | INFO     | crawl_spider:collect_data:91 - 成功采集天津鸿超恒业针纺织品有限公司
2020-04-09 09:23:59.732 | INFO     | crawl_spider:collect_data:91 - 成功采集天津明捷通电子支付技术有限公司
2020-04-09 09:23:59.732 | INFO     | crawl_spider:collect_data:91 - 成功采集天津明捷通电子支付技术有限公司
2020-04-09 09:23:59.732 | INFO     | crawl_spider:collect_data:91 - 成功采集天津明捷通电子支付技术有限公司
2020-04-09 09:23:59.744 | INFO     | crawl_spider:collect_data:91 - 成功采集天津海赛芯通电子信息技术合伙企业（有限合伙）
2020-04-09 09:23:59.744 | INFO     | crawl_spider:collect_data:91 - 成功采集天津海赛芯通电子信息技术合伙企业（有限合伙）
2020-04-09 09:23:59.744 | INFO     | crawl_spider:collect_data:91 - 成功采集天津海赛芯通电子信息技术合伙企业（有限合伙）
2020-04-09 09:23:59.759 | INFO     | crawl_spider:collect_data:91 - 成功采集天津市佳宁伯通电子器材商贸有限公司
2020-04-09 09:23:59.759 | INFO     | crawl_spider:collect_data:91 - 成功采集天津市佳宁伯通电子器材商贸有限公司
2020-04-09 09:23:59.759 | INFO     | crawl_spider:collect_data:91 - 成功采集天津市佳宁伯通电子器材商贸有限公司
2020-04-09 09:23:59.770 | INFO     | crawl_spider:collect_data:91 - 成功采集天津富通电子塑料制品有限公司
2020-04-09 09:23:59.770 | INFO     | crawl_spider:collect_data:91 - 成功采集天津富通电子塑料制品有限公司
2020-04-09 09:23:59.770 | INFO     | crawl_spider:collect_data:91 - 成功采集天津富通电子塑料制品有限公司
2020-04-09 09:23:59.773 | INFO     | crawl_spider:collect_data:91 - 成功采集天津贝宝通电子科技有限公司
2020-04-09 09:23:59.773 | INFO     | crawl_spider:collect_data:91 - 成功采集天津贝宝通电子科技有限公司
2020-04-09 09:23:59.773 | INFO     | crawl_spider:collect_data:91 - 成功采集天津贝宝通电子科技有限公司
2020-04-09 09:23:59.773 | INFO     | crawl_spider:collect_data:91 - 成功采集天津市滨海新区谷瑞斯通电子科技有限公司
2020-04-09 09:23:59.773 | INFO     | crawl_spider:collect_data:91 - 成功采集天津市滨海新区谷瑞斯通电子科技有限公司
2020-04-09 09:23:59.773 | INFO     | crawl_spider:collect_data:91 - 成功采集天津市滨海新区谷瑞斯通电子科技有限公司
2020-04-09 09:23:59.788 | INFO     | crawl_spider:collect_data:91 - 成功采集天津市滨海新区谷瑞斯通电子科技有限公司
2020-04-09 09:23:59.788 | INFO     | crawl_spider:collect_data:91 - 成功采集天津市滨海新区谷瑞斯通电子科技有限公司
2020-04-09 09:23:59.788 | INFO     | crawl_spider:collect_data:91 - 成功采集天津市滨海新区谷瑞斯通电子科技有限公司
2020-04-09 09:23:59.788 | INFO     | crawl_spider:collect_data:91 - 成功采集天津迪信通电子通信技术有限公司
2020-04-09 09:23:59.788 | INFO     | crawl_spider:collect_data:91 - 成功采集天津迪信通电子通信技术有限公司
2020-04-09 09:23:59.788 | INFO     | crawl_spider:collect_data:91 - 成功采集天津迪信通电子通信技术有限公司
2020-04-09 09:23:59.804 | INFO     | crawl_spider:collect_data:91 - 成功采集彤辉环保工程（天津）有限公司
2020-04-09 09:23:59.804 | INFO     | crawl_spider:collect_data:91 - 成功采集彤辉环保工程（天津）有限公司
2020-04-09 09:23:59.804 | INFO     | crawl_spider:collect_data:91 - 成功采集彤辉环保工程（天津）有限公司
2020-04-09 09:23:59.808 | INFO     | crawl_spider:collect_data:91 - 成功采集天津通广集团振通电子有限公司
2020-04-09 09:23:59.808 | INFO     | crawl_spider:collect_data:91 - 成功采集天津通广集团振通电子有限公司
2020-04-09 09:23:59.808 | INFO     | crawl_spider:collect_data:91 - 成功采集天津通广集团振通电子有限公司
2020-04-09 09:24:01.303 | INFO     | crawl_spider:collect_data:91 - 成功采集天津诺力昂过氧化物有限公司
2020-04-09 09:24:01.303 | INFO     | crawl_spider:collect_data:91 - 成功采集天津诺力昂过氧化物有限公司
2020-04-09 09:24:01.303 | INFO     | crawl_spider:collect_data:91 - 成功采集天津诺力昂过氧化物有限公司
2020-04-09 09:24:01.312 | INFO     | crawl_spider:collect_data:91 - 成功采集天津市拉贝尔实验室设备有限公司
2020-04-09 09:24:01.312 | INFO     | crawl_spider:collect_data:91 - 成功采集天津市拉贝尔实验室设备有限公司
2020-04-09 09:24:01.312 | INFO     | crawl_spider:collect_data:91 - 成功采集天津市拉贝尔实验室设备有限公司
2020-04-09 09:24:01.322 | INFO     | crawl_spider:collect_data:91 - 成功采集呼伦贝尔二商（天津）食品有限公司
2020-04-09 09:24:01.322 | INFO     | crawl_spider:collect_data:91 - 成功采集呼伦贝尔二商（天津）食品有限公司
2020-04-09 09:24:01.322 | INFO     | crawl_spider:collect_data:91 - 成功采集呼伦贝尔二商（天津）食品有限公司
2020-04-09 09:24:01.333 | INFO     | crawl_spider:collect_data:91 - 成功采集天津伦贝尔商贸有限公司
2020-04-09 09:24:01.333 | INFO     | crawl_spider:collect_data:91 - 成功采集天津伦贝尔商贸有限公司
2020-04-09 09:24:01.333 | INFO     | crawl_spider:collect_data:91 - 成功采集天津伦贝尔商贸有限公司
2020-04-09 09:24:01.338 | INFO     | crawl_spider:collect_data:91 - 成功采集摩科贝尔（天津）有限公司
2020-04-09 09:24:01.338 | INFO     | crawl_spider:collect_data:91 - 成功采集摩科贝尔（天津）有限公司
2020-04-09 09:24:01.338 | INFO     | crawl_spider:collect_data:91 - 成功采集摩科贝尔（天津）有限公司
2020-04-09 09:24:01.344 | INFO     | crawl_spider:collect_data:91 - 成功采集天津欧贝尔机械设备有限公司
2020-04-09 09:24:01.344 | INFO     | crawl_spider:collect_data:91 - 成功采集天津欧贝尔机械设备有限公司
2020-04-09 09:24:01.344 | INFO     | crawl_spider:collect_data:91 - 成功采集天津欧贝尔机械设备有限公司
2020-04-09 09:24:01.349 | INFO     | crawl_spider:collect_data:91 - 成功采集天津中川贝尔科技发展有限公司
2020-04-09 09:24:01.349 | INFO     | crawl_spider:collect_data:91 - 成功采集天津中川贝尔科技发展有限公司
2020-04-09 09:24:01.349 | INFO     | crawl_spider:collect_data:91 - 成功采集天津中川贝尔科技发展有限公司
2020-04-09 09:24:01.355 | INFO     | crawl_spider:collect_data:91 - 成功采集艾森贝尔（天津）电气设备有限公司
2020-04-09 09:24:01.355 | INFO     | crawl_spider:collect_data:91 - 成功采集艾森贝尔（天津）电气设备有限公司
2020-04-09 09:24:01.355 | INFO     | crawl_spider:collect_data:91 - 成功采集艾森贝尔（天津）电气设备有限公司
2020-04-09 09:24:01.356 | INFO     | crawl_spider:collect_data:91 - 成功采集天津贝尔德国际贸易有限公司
2020-04-09 09:24:01.356 | INFO     | crawl_spider:collect_data:91 - 成功采集天津贝尔德国际贸易有限公司
2020-04-09 09:24:01.356 | INFO     | crawl_spider:collect_data:91 - 成功采集天津贝尔德国际贸易有限公司
2020-04-09 09:24:01.356 | INFO     | crawl_spider:collect_data:91 - 成功采集天津科贝尔科教设备有限公司
2020-04-09 09:24:01.356 | INFO     | crawl_spider:collect_data:91 - 成功采集天津科贝尔科教设备有限公司
2020-04-09 09:24:01.356 | INFO     | crawl_spider:collect_data:91 - 成功采集天津科贝尔科教设备有限公司
2020-04-09 09:24:09.638 | DEBUG    | __main__:run:41 - 采集脚本发生错误('result',)
2020-04-09 09:24:09.638 | DEBUG    | __main__:run:41 - 采集脚本发生错误('result',)
2020-04-09 09:24:09.638 | DEBUG    | __main__:run:41 - 采集脚本发生错误('result',)
